# JRE version: Java(TM) SE Runtime Environment (17.0.2+8) (build 17.0.2+8-LTS-86)
# Java VM: Java HotSpot(TM) 64-Bit Server VM (17.0.2+8-LTS-86, mixed mode, sharing, tiered, compressed oops, compressed class ptrs, g1 gc, windows-amd64)
GC Precious Log:
 CPUs: 8 total, 8 available
 Memory: 8108M
 Large Page Support: Disabled
 NUMA Support: Disabled
 Compressed Oops: Enabled (32-bit)
 Heap Region Size: 1M
 Heap Min Capacity: 8M
 Heap Initial Capacity: 128M
 Heap Max Capacity: 2028M
 Pre-touch: Disabled
 Parallel Workers: 8
 Concurrent Workers: 2
 Concurrent Refinement Workers: 8
 Periodic GC: Disabled
Heap:
 garbage-first heap   total 236544K, used 137593K [0x0000000081400000, 0x0000000100000000)
  region size 1024K, 126 young (129024K), 1 survivors (1024K)
 Metaspace       used 14338K, committed 14528K, reserved 1064960K
  class space    used 1568K, committed 1664K, reserved 1048576K
GC Heap History (20 events):
Event: 24.215 GC heap before
{Heap before GC invocations=58 (full 0):
 garbage-first heap   total 236544K, used 150558K [0x0000000081400000, 0x0000000100000000)
  region size 1024K, 138 young (141312K), 1 survivors (1024K)
 Metaspace       used 13581K, committed 13824K, reserved 1064960K
  class space    used 1550K, committed 1664K, reserved 1048576K
}
Event: 24.217 GC heap after
{Heap after GC invocations=59 (full 0):
 garbage-first heap   total 236544K, used 10332K [0x0000000081400000, 0x0000000100000000)
  region size 1024K, 1 young (1024K), 1 survivors (1024K)
 Metaspace       used 13581K, committed 13824K, reserved 1064960K
  class space    used 1550K, committed 1664K, reserved 1048576K
}
Event: 24.324 GC heap before
{Heap before GC invocations=59 (full 0):
 garbage-first heap   total 236544K, used 150620K [0x0000000081400000, 0x0000000100000000)
  region size 1024K, 138 young (141312K), 1 survivors (1024K)
 Metaspace       used 13581K, committed 13824K, reserved 1064960K
  class space    used 1550K, committed 1664K, reserved 1048576K
}
Event: 24.325 GC heap after
{Heap after GC invocations=60 (full 0):
 garbage-first heap   total 236544K, used 10270K [0x0000000081400000, 0x0000000100000000)
  region size 1024K, 1 young (1024K), 1 survivors (1024K)
 Metaspace       used 13581K, committed 13824K, reserved 1064960K
  class space    used 1550K, committed 1664K, reserved 1048576K
}
Event: 24.435 GC heap before
{Heap before GC invocations=60 (full 0):
 garbage-first heap   total 236544K, used 150558K [0x0000000081400000, 0x0000000100000000)
  region size 1024K, 138 young (141312K), 1 survivors (1024K)
 Metaspace       used 13581K, committed 13824K, reserved 1064960K
  class space    used 1550K, committed 1664K, reserved 1048576K
}
Event: 24.436 GC heap after
{Heap after GC invocations=61 (full 0):
 garbage-first heap   total 236544K, used 10394K [0x0000000081400000, 0x0000000100000000)
  region size 1024K, 1 young (1024K), 1 survivors (1024K)
 Metaspace       used 13581K, committed 13824K, reserved 1064960K
  class space    used 1550K, committed 1664K, reserved 1048576K
}
Event: 24.548 GC heap before
{Heap before GC invocations=61 (full 0):
 garbage-first heap   total 236544K, used 150682K [0x0000000081400000, 0x0000000100000000)
  region size 1024K, 138 young (141312K), 1 survivors (1024K)
 Metaspace       used 13581K, committed 13824K, reserved 1064960K
  class space    used 1550K, committed 1664K, reserved 1048576K
}
Event: 24.549 GC heap after
{Heap after GC invocations=62 (full 0):
 garbage-first heap   total 236544K, used 10481K [0x0000000081400000, 0x0000000100000000)
  region size 1024K, 1 young (1024K), 1 survivors (1024K)
 Metaspace       used 13581K, committed 13824K, reserved 1064960K
  class space    used 1550K, committed 1664K, reserved 1048576K
}
Event: 24.657 GC heap before
{Heap before GC invocations=62 (full 0):
 garbage-first heap   total 236544K, used 150769K [0x0000000081400000, 0x0000000100000000)
  region size 1024K, 138 young (141312K), 1 survivors (1024K)
 Metaspace       used 13581K, committed 13824K, reserved 1064960K
  class space    used 1550K, committed 1664K, reserved 1048576K
}
Event: 24.659 GC heap after
{Heap after GC invocations=63 (full 0):
 garbage-first heap   total 236544K, used 10440K [0x0000000081400000, 0x0000000100000000)
  region size 1024K, 1 young (1024K), 1 survivors (1024K)
 Metaspace       used 13581K, committed 13824K, reserved 1064960K
  class space    used 1550K, committed 1664K, reserved 1048576K
}
Event: 24.775 GC heap before
{Heap before GC invocations=63 (full 0):
 garbage-first heap   total 236544K, used 150728K [0x0000000081400000, 0x0000000100000000)
  region size 1024K, 138 young (141312K), 1 survivors (1024K)
 Metaspace       used 13581K, committed 13824K, reserved 1064960K
  class space    used 1550K, committed 1664K, reserved 1048576K
}
Event: 24.776 GC heap after
{Heap after GC invocations=64 (full 0):
 garbage-first heap   total 236544K, used 10472K [0x0000000081400000, 0x0000000100000000)
  region size 1024K, 1 young (1024K), 1 survivors (1024K)
 Metaspace       used 13581K, committed 13824K, reserved 1064960K
  class space    used 1550K, committed 1664K, reserved 1048576K
}
Event: 24.882 GC heap before
{Heap before GC invocations=64 (full 0):
 garbage-first heap   total 236544K, used 150760K [0x0000000081400000, 0x0000000100000000)
  region size 1024K, 138 young (141312K), 1 survivors (1024K)
 Metaspace       used 13581K, committed 13824K, reserved 1064960K
  class space    used 1550K, committed 1664K, reserved 1048576K
}
Event: 24.883 GC heap after
{Heap after GC invocations=65 (full 0):
 garbage-first heap   total 236544K, used 10516K [0x0000000081400000, 0x0000000100000000)
  region size 1024K, 1 young (1024K), 1 survivors (1024K)
 Metaspace       used 13581K, committed 13824K, reserved 1064960K
  class space    used 1550K, committed 1664K, reserved 1048576K
}
Event: 24.994 GC heap before
{Heap before GC invocations=65 (full 0):
 garbage-first heap   total 236544K, used 150804K [0x0000000081400000, 0x0000000100000000)
  region size 1024K, 138 young (141312K), 1 survivors (1024K)
 Metaspace       used 13581K, committed 13824K, reserved 1064960K
  class space    used 1550K, committed 1664K, reserved 1048576K
}
Event: 24.996 GC heap after
{Heap after GC invocations=66 (full 0):
 garbage-first heap   total 236544K, used 10567K [0x0000000081400000, 0x0000000100000000)
  region size 1024K, 1 young (1024K), 1 survivors (1024K)
 Metaspace       used 13581K, committed 13824K, reserved 1064960K
  class space    used 1550K, committed 1664K, reserved 1048576K
}
Event: 25.100 GC heap before
{Heap before GC invocations=66 (full 0):
 garbage-first heap   total 236544K, used 150855K [0x0000000081400000, 0x0000000100000000)
  region size 1024K, 138 young (141312K), 1 survivors (1024K)
 Metaspace       used 13581K, committed 13824K, reserved 1064960K
  class space    used 1550K, committed 1664K, reserved 1048576K
}
Event: 25.102 GC heap after
{Heap after GC invocations=67 (full 0):
 garbage-first heap   total 236544K, used 10631K [0x0000000081400000, 0x0000000100000000)
  region size 1024K, 1 young (1024K), 1 survivors (1024K)
 Metaspace       used 13581K, committed 13824K, reserved 1064960K
  class space    used 1550K, committed 1664K, reserved 1048576K
}
Event: 25.214 GC heap before
{Heap before GC invocations=67 (full 0):
 garbage-first heap   total 236544K, used 150919K [0x0000000081400000, 0x0000000100000000)
  region size 1024K, 138 young (141312K), 1 survivors (1024K)
 Metaspace       used 13581K, committed 13824K, reserved 1064960K
  class space    used 1550K, committed 1664K, reserved 1048576K
}
Event: 25.215 GC heap after
{Heap after GC invocations=68 (full 0):
 garbage-first heap   total 236544K, used 10617K [0x0000000081400000, 0x0000000100000000)
  region size 1024K, 1 young (1024K), 1 survivors (1024K)
 Metaspace       used 13581K, committed 13824K, reserved 1064960K
  class space    used 1550K, committed 1664K, reserved 1048576K
}

